# JRE version: Java(TM) SE Runtime Environment (21.0.6+8) (build 21.0.6+8-LTS-188)
# Java VM: Java HotSpot(TM) 64-Bit Server VM (21.0.6+8-LTS-188, mixed mode, sharing, tiered, compressed oops, compressed class ptrs, g1 gc, windows-amd64)
GC Precious Log:
 CardTable entry size: 512
 Card Set container configuration: InlinePtr #cards 4 size 8 Array Of Cards #cards 16 size 48 Howl #buckets 8 coarsen threshold 3686 Howl Bitmap #cards 512 size 80 coarsen threshold 460 Card regions per heap region 1 cards per card region 4096
 CPUs: 16 total, 16 available
 Memory: 15664M
 Large Page Support: Disabled
 NUMA Support: Disabled
 Compressed Oops: Enabled (Zero based)
 Heap Region Size: 2M
 Heap Min Capacity: 8M
 Heap Initial Capacity: 246M
 Heap Max Capacity: 3918M
 Pre-touch: Disabled
 Parallel Workers: 13
 Concurrent Workers: 3
 Concurrent Refinement Workers: 13
 Periodic GC: Disabled
Heap:
 garbage-first heap   total 98304K, used 55085K [0x000000070b200000, 0x0000000800000000)
  region size 2048K, 14 young (28672K), 2 survivors (4096K)
 Metaspace       used 61095K, committed 61952K, reserved 1114112K
  class space    used 7800K, committed 8192K, reserved 1048576K
GC Heap History (18 events):
Event: 0.371 GC heap before
{Heap before GC invocations=0 (full 0):
 garbage-first heap   total 251904K, used 20480K [0x000000070b200000, 0x0000000800000000)
  region size 2048K, 11 young (22528K), 0 survivors (0K)
 Metaspace       used 3468K, committed 3648K, reserved 1114112K
  class space    used 349K, committed 448K, reserved 1048576K
}
Event: 0.375 GC heap after
{Heap after GC invocations=1 (full 0):
 garbage-first heap   total 251904K, used 6075K [0x000000070b200000, 0x0000000800000000)
  region size 2048K, 2 young (4096K), 2 survivors (4096K)
 Metaspace       used 3468K, committed 3648K, reserved 1114112K
  class space    used 349K, committed 448K, reserved 1048576K
}
Event: 0.647 GC heap before
{Heap before GC invocations=1 (full 0):
 garbage-first heap   total 251904K, used 30651K [0x000000070b200000, 0x0000000800000000)
  region size 2048K, 15 young (30720K), 2 survivors (4096K)
 Metaspace       used 7288K, committed 7424K, reserved 1114112K
  class space    used 777K, committed 832K, reserved 1048576K
}
Event: 0.651 GC heap after
{Heap after GC invocations=2 (full 0):
 garbage-first heap   total 251904K, used 10441K [0x000000070b200000, 0x0000000800000000)
  region size 2048K, 2 young (4096K), 2 survivors (4096K)
 Metaspace       used 7288K, committed 7424K, reserved 1114112K
  class space    used 777K, committed 832K, reserved 1048576K
}
Event: 3.094 GC heap before
{Heap before GC invocations=2 (full 0):
 garbage-first heap   total 251904K, used 63689K [0x000000070b200000, 0x0000000800000000)
  region size 2048K, 29 young (59392K), 2 survivors (4096K)
 Metaspace       used 21069K, committed 21504K, reserved 1114112K
  class space    used 2534K, committed 2752K, reserved 1048576K
}
Event: 3.099 GC heap after
{Heap after GC invocations=3 (full 0):
 garbage-first heap   total 251904K, used 14818K [0x000000070b200000, 0x0000000800000000)
  region size 2048K, 5 young (10240K), 5 survivors (10240K)
 Metaspace       used 21069K, committed 21504K, reserved 1114112K
  class space    used 2534K, committed 2752K, reserved 1048576K
}
Event: 3.962 GC heap before
{Heap before GC invocations=4 (full 0):
 garbage-first heap   total 75776K, used 72162K [0x000000070b200000, 0x0000000800000000)
  region size 2048K, 33 young (67584K), 5 survivors (10240K)
 Metaspace       used 29887K, committed 30336K, reserved 1114112K
  class space    used 3652K, committed 3840K, reserved 1048576K
}
Event: 3.969 GC heap after
{Heap after GC invocations=5 (full 0):
 garbage-first heap   total 88064K, used 18633K [0x000000070b200000, 0x0000000800000000)
  region size 2048K, 6 young (12288K), 6 survivors (12288K)
 Metaspace       used 29887K, committed 30336K, reserved 1114112K
  class space    used 3652K, committed 3840K, reserved 1048576K
}
Event: 4.882 GC heap before
{Heap before GC invocations=5 (full 0):
 garbage-first heap   total 88064K, used 51401K [0x000000070b200000, 0x0000000800000000)
  region size 2048K, 23 young (47104K), 6 survivors (12288K)
 Metaspace       used 35550K, committed 35968K, reserved 1114112K
  class space    used 4410K, committed 4608K, reserved 1048576K
}
Event: 4.892 GC heap after
{Heap after GC invocations=6 (full 0):
 garbage-first heap   total 88064K, used 21242K [0x000000070b200000, 0x0000000800000000)
  region size 2048K, 4 young (8192K), 4 survivors (8192K)
 Metaspace       used 35550K, committed 35968K, reserved 1114112K
  class space    used 4410K, committed 4608K, reserved 1048576K
}
Event: 4.908 GC heap before
{Heap before GC invocations=6 (full 0):
 garbage-first heap   total 88064K, used 21242K [0x000000070b200000, 0x0000000800000000)
  region size 2048K, 5 young (10240K), 4 survivors (8192K)
 Metaspace       used 35860K, committed 36288K, reserved 1114112K
  class space    used 4468K, committed 4672K, reserved 1048576K
}
Event: 4.913 GC heap after
{Heap after GC invocations=7 (full 0):
 garbage-first heap   total 88064K, used 20926K [0x000000070b200000, 0x0000000800000000)
  region size 2048K, 2 young (4096K), 2 survivors (4096K)
 Metaspace       used 35860K, committed 36288K, reserved 1114112K
  class space    used 4468K, committed 4672K, reserved 1048576K
}
Event: 12.757 GC heap before
{Heap before GC invocations=8 (full 0):
 garbage-first heap   total 81920K, used 68030K [0x000000070b200000, 0x0000000800000000)
  region size 2048K, 25 young (51200K), 2 survivors (4096K)
 Metaspace       used 43509K, committed 44160K, reserved 1114112K
  class space    used 5540K, committed 5824K, reserved 1048576K
}
Event: 12.764 GC heap after
{Heap after GC invocations=9 (full 0):
 garbage-first heap   total 98304K, used 24407K [0x000000070b200000, 0x0000000800000000)
  region size 2048K, 4 young (8192K), 4 survivors (8192K)
 Metaspace       used 43509K, committed 44160K, reserved 1114112K
  class space    used 5540K, committed 5824K, reserved 1048576K
}
Event: 15.260 GC heap before
{Heap before GC invocations=9 (full 0):
 garbage-first heap   total 98304K, used 71511K [0x000000070b200000, 0x0000000800000000)
  region size 2048K, 28 young (57344K), 4 survivors (8192K)
 Metaspace       used 52665K, committed 53440K, reserved 1114112K
  class space    used 6749K, committed 7104K, reserved 1048576K
}
Event: 15.272 GC heap after
{Heap after GC invocations=10 (full 0):
 garbage-first heap   total 98304K, used 28672K [0x000000070b200000, 0x0000000800000000)
  region size 2048K, 4 young (8192K), 4 survivors (8192K)
 Metaspace       used 52665K, committed 53440K, reserved 1114112K
  class space    used 6749K, committed 7104K, reserved 1048576K
}
Event: 290.295 GC heap before
{Heap before GC invocations=10 (full 0):
 garbage-first heap   total 98304K, used 63488K [0x000000070b200000, 0x0000000800000000)
  region size 2048K, 23 young (47104K), 4 survivors (8192K)
 Metaspace       used 59974K, committed 60800K, reserved 1114112K
  class space    used 7698K, committed 8128K, reserved 1048576K
}
Event: 290.302 GC heap after
{Heap after GC invocations=11 (full 0):
 garbage-first heap   total 98304K, used 32557K [0x000000070b200000, 0x0000000800000000)
  region size 2048K, 2 young (4096K), 2 survivors (4096K)
 Metaspace       used 59974K, committed 60800K, reserved 1114112K
  class space    used 7698K, committed 8128K, reserved 1048576K
}

